********************************************************************************
DUPLICATOR-LITE PACKAGE-LOG: 3 October 2020 21h59
NOTICE: Do NOT post to public sites or forums 
********************************************************************************
VERSION:	1.3.38
WORDPRESS:	5.5.1
PHP INFO:	7.4.9 | SAPI: apache2handler
SERVER:		Apache/2.4.46 (Win64) OpenSSL/1.1.1g PHP/7.4.9 
PHP TIME LIMIT: (0) no time limit imposed 
PHP MAX MEMORY: 4294967296 (512M default) 
MEMORY STACK: 2MB

********************************************************************************
DATABASE:
********************************************************************************
BUILD MODE:   MYSQLDUMP
MYSQLTIMEOUT: 5000
MYSQLDUMP:    Is Supported
SQL CREATED: 20201003_7ea974edfa21bd364118_20201003215533_database.sql
SQL FILE SIZE: 796.57KB (815689)
SQL FILE TIME: 2020-10-03 22:00:23
SQL RUNTIME: 65.04 sec.

********************************************************************************
ARCHIVE (ZIP):
********************************************************************************
ARCHIVE DIR:  C:/xampp/htdocs/aryaV_stageDev_Alice
ARCHIVE FILE: 20201003_7ea974edfa21bd364118_20201003215533_archive.zip
FILTERS: *OFF*
DIRS:
	not set
FILES:
	not set
EXTS:  not set
----------------------------------------
COMPRESSING
SIZE:	108.34MB
STATS:	Dirs 583 | Files 3,994
SQL ADDED: 20201003_7ea974edfa21bd364118_20201003215533_database.sql
ZipArchive Object
(
    [status] => 0
    [statusSys] => 0
    [numFiles] => 4577
    [filename] => C:\xampp\htdocs\aryaV_stageDev_Alice\wp-content\backups-dup-lite\tmp\20201003_7ea974edfa21bd364118_20201003215533_archive.zip
    [comment] => 
)

FILE ADDED TO ZIP: 4576
COMPRESSION RESULT: '1'
COMPRESSED SIZE: 60.06MB
ARCHIVE RUNTIME: 175.18 sec.
MEMORY STACK: 2MB
building installer
add_extra_files1
add_extra_files2
add_extra_files3
add_extra_files4
Doing archive file check
add_extra_files5
add_extra_files6
add_extra_files8
Successfully opened zip C:/xampp/htdocs/aryaV_stageDev_Alice/wp-content/backups-dup-lite/tmp/20201003_7ea974edfa21bd364118_20201003215533_archive.zip
Adding enhanced installer files to archive using ZipArchive
Installer files added to archive
Added to archive
After ziparchive close when adding installer

********************************************************************************
INTEGRITY CHECKS:
********************************************************************************
SQL FILE: 796.57KB
INSTALLER FILE: 61.31KB
ARCHIVE FILE: 61.56MB 
COMPTE ATTENDU DE FICHIERS/RÉPERTOIRES : 4,577
COMPTE ACTUEL DE FICHIERS/RÉPERTOIRES : 4,576
TEST DE COHÉRENCE D’ARCHIVE : Bon

********************************************************************************
RECORD ID:[1]
TOTAL PROCESS RUNTIME: 252.56 sec.
PEAK PHP MEMORY USED: 4MB
DONE PROCESSING => 20201003 3 October 2020 22h03

